This file contains any messages produced by compilers while
running configure, to aid debugging if configure makes a mistake.

It was created by dbmaster.pl configure 0.01, which was
generated by GNU Autoconf 2.69.  Invocation command line was

  $ ./configure 

## --------- ##
## Platform. ##
## --------- ##

hostname = think.unix7.org
uname -m = amd64
uname -r = 11.1-STABLE
uname -s = FreeBSD
uname -v = FreeBSD 11.1-STABLE #9 r322692: Sat Aug 19 13:39:54 EET 2017     root@think.unix7.org:/usr/obj/usr/src/sys/X240 

/usr/bin/uname -p = amd64
/bin/uname -X     = unknown

/bin/arch              = unknown
/usr/bin/arch -k       = unknown
/usr/convex/getsysinfo = unknown
/usr/bin/hostinfo      = unknown
/bin/machine           = unknown
/usr/bin/oslevel       = unknown
/bin/universe          = unknown

PATH: /bin
PATH: /usr/bin
PATH: /usr/local/bin
PATH: /sbin
PATH: /usr/sbin
PATH: /usr/local/sbin
PATH: ~/bin


## ----------- ##
## Core tests. ##
## ----------- ##

configure:1805: checking for a BSD-compatible install
configure:1873: result: /usr/bin/install -c
configure:1884: checking whether build environment is sane
configure:1939: result: yes
configure:2090: checking for a thread-safe mkdir -p
configure:2129: result: /usr/local/bin/gmkdir -p
configure:2136: checking for gawk
configure:2152: found /usr/local/bin/gawk
configure:2163: result: gawk
configure:2174: checking whether make sets $(MAKE)
configure:2196: result: yes
configure:2225: checking whether make supports nested variables
configure:2242: result: yes
configure:2374: checking for perl
configure:2390: found /usr/local/bin/perl
configure:2402: result: true
configure:2415: checking for perl
configure:2433: found /usr/local/bin/perl
configure:2445: result: /usr/local/bin/perl
configure:2460: checking build system type
configure:2474: result: amd64-unknown-freebsd11.1
configure:2494: checking host system type
configure:2507: result: amd64-unknown-freebsd11.1
configure:2871: checking for perl module POSIX
configure:2879: result: ok
configure:2871: checking for perl module Apache::Htpasswd
configure:2879: result: ok
configure:2871: checking for perl module File::Basename
configure:2879: result: ok
configure:2871: checking for perl module File::stat
configure:2879: result: ok
configure:2871: checking for perl module Sys::Hostname
configure:2879: result: ok
configure:2871: checking for perl module Mojo::Base
configure:2879: result: ok
configure:2871: checking for perl module Mojo::Home
configure:2879: result: ok
configure:2871: checking for perl module Mojo::IOLoop::Subprocess
configure:2879: result: ok
configure:2871: checking for perl module Mojo::JSON
configure:2879: result: ok
configure:2871: checking for perl module Mojo::Server::Prefork
configure:2879: result: ok
configure:2871: checking for perl module Mojo::UserAgent
configure:2879: result: ok
configure:2871: checking for perl module Mojo::Util
configure:2879: result: ok
configure:3031: checking that generated files are newer than configure
configure:3037: result: done
configure:3069: creating ./config.status

## ---------------------- ##
## Running config.status. ##
## ---------------------- ##

This file was extended by dbmaster.pl config.status 0.01, which was
generated by GNU Autoconf 2.69.  Invocation command line was

  CONFIG_FILES    = 
  CONFIG_HEADERS  = 
  CONFIG_LINKS    = 
  CONFIG_COMMANDS = 
  $ ./config.status 

on think.unix7.org

config.status:780: creating Makefile
config.status:780: creating dbmaster
config.status:780: creating dbmaster.service
config.status:780: creating rc.d/dbmaster
config.status:780: creating init.d/dbmaster

## ---------------- ##
## Cache variables. ##
## ---------------- ##

ac_cv_build=amd64-unknown-freebsd11.1
ac_cv_env_build_alias_set=''
ac_cv_env_build_alias_value=''
ac_cv_env_host_alias_set=''
ac_cv_env_host_alias_value=''
ac_cv_env_target_alias_set=''
ac_cv_env_target_alias_value=''
ac_cv_host=amd64-unknown-freebsd11.1
ac_cv_path_install='/usr/bin/install -c'
ac_cv_path_mkdir=/usr/local/bin/gmkdir
ac_cv_path_perl=/usr/local/bin/perl
ac_cv_prog_AWK=gawk
ac_cv_prog_HAVE_PERL=true
ac_cv_prog_make_make_set=yes
am_cv_make_support_nested_variables=yes

## ----------------- ##
## Output variables. ##
## ----------------- ##

ACLOCAL='${SHELL} /home/ziggi/projects/dbmaster/missing aclocal-1.15'
AMTAR='$${TAR-tar}'
AM_BACKSLASH='\'
AM_DEFAULT_V='$(AM_DEFAULT_VERBOSITY)'
AM_DEFAULT_VERBOSITY='1'
AM_V='$(V)'
APP_CONFDIR='/usr/local/etc/dbmaster'
APP_DATADIR='/var/dbmaster'
APP_GROUP='www'
APP_LIBDIR='/usr/local/share/dbmaster'
APP_LOGDIR='/var/log/dbmaster'
APP_RUNDIR='/var/run/dbmaster'
APP_USER='www'
AUTOCONF='${SHELL} /home/ziggi/projects/dbmaster/missing autoconf'
AUTOHEADER='${SHELL} /home/ziggi/projects/dbmaster/missing autoheader'
AUTOMAKE='${SHELL} /home/ziggi/projects/dbmaster/missing automake-1.15'
AWK='gawk'
CYGPATH_W='echo'
DEFS='-DPACKAGE_NAME=\"dbmaster.pl\" -DPACKAGE_TARNAME=\"dbmaster-pl\" -DPACKAGE_VERSION=\"0.01\" -DPACKAGE_STRING=\"dbmaster.pl\ 0.01\" -DPACKAGE_BUGREPORT=\"\" -DPACKAGE_URL=\"\" -DPACKAGE=\"dbmaster-pl\" -DVERSION=\"0.01\" -DAPP_CONFDIR=\"/usr/local/etc/dbmaster\" -Dapp_confdir=\"/usr/local/etc/dbmaster\" -DAPP_LOGDIR=\"/var/log/dbmaster\" -Dapp_logdir=\"/var/log/dbmaster\" -DAPP_RUNDIR=\"/var/run/dbmaster\" -Dapp_rundir=\"/var/run/dbmaster\" -DAPP_USER=\"www\" -Dapp_user=\"www\" -DAPP_GROUP=\"www\" -Dapp_group=\"www\" -DAPP_LIBDIR=/usr/local/share/dbmaster -Dapp_libdir=/usr/local/share/dbmaster -DAPP_DATADIR=\"/var/dbmaster\" -Dapp_datadir=\"/var/dbmaster\"'
ECHO_C=''
ECHO_N='-n'
ECHO_T=''
FREEBSD_OS_FALSE='#'
FREEBSD_OS_TRUE=''
HAVE_PERL='true'
INSTALL_DATA='${INSTALL} -m 644'
INSTALL_PROGRAM='${INSTALL}'
INSTALL_SCRIPT='${INSTALL}'
INSTALL_STRIP_PROGRAM='$(install_sh) -c -s'
LIBOBJS=''
LIBS=''
LINUX_OS_FALSE=''
LINUX_OS_TRUE='#'
LTLIBOBJS=''
MAKEINFO='${SHELL} /home/ziggi/projects/dbmaster/missing makeinfo'
MKDIR_P='/usr/local/bin/gmkdir -p'
PACKAGE='dbmaster'
PACKAGE_BUGREPORT=''
PACKAGE_NAME='dbmaster.pl'
PACKAGE_STRING='dbmaster.pl 0.01'
PACKAGE_TARNAME='dbmaster-pl'
PACKAGE_URL=''
PACKAGE_VERSION='0.01'
PATH_SEPARATOR=':'
ROOT_GROUP='wheel'
SET_MAKE=''
SHELL='/bin/sh'
STRIP=''
SYSTEMD_FALSE=''
SYSTEMD_TRUE='#'
VERSION='0.01'
am__isrc=''
am__leading_dot='.'
am__tar='$${TAR-tar} chof - "$$tardir"'
am__untar='$${TAR-tar} xf -'
app_confdir='/usr/local/etc/dbmaster'
app_datadir='/var/dbmaster'
app_group='www'
app_libdir='/usr/local/share/dbmaster'
app_logdir='/var/log/dbmaster'
app_rundir='/var/run/dbmaster'
app_user='www'
bindir='${exec_prefix}/bin'
build='amd64-unknown-freebsd11.1'
build_alias=''
build_cpu='amd64'
build_os='freebsd11.1'
build_vendor='unknown'
datadir='${datarootdir}'
datarootdir='${prefix}/share'
docdir='${datarootdir}/doc/${PACKAGE_TARNAME}'
dvidir='${docdir}'
exec_prefix='${prefix}'
host='amd64-unknown-freebsd11.1'
host_alias=''
host_cpu='amd64'
host_os='freebsd11.1'
host_vendor='unknown'
htmldir='${docdir}'
includedir='${prefix}/include'
infodir='${datarootdir}/info'
install_sh='${SHELL} /home/ziggi/projects/dbmaster/install-sh'
libdir='${exec_prefix}/lib'
libexecdir='${exec_prefix}/libexec'
localedir='${datarootdir}/locale'
localstatedir='${prefix}/var'
mandir='${datarootdir}/man'
mkdir_p='$(MKDIR_P)'
oldincludedir='/usr/include'
pdfdir='${docdir}'
perl='/usr/local/bin/perl'
prefix='/usr/local'
program_transform_name='s,x,x,'
psdir='${docdir}'
sbindir='${exec_prefix}/sbin'
sharedstatedir='${prefix}/com'
sysconfdir='${prefix}/etc'
target_alias=''

## ----------- ##
## confdefs.h. ##
## ----------- ##

/* confdefs.h */
#define PACKAGE_NAME "dbmaster.pl"
#define PACKAGE_TARNAME "dbmaster-pl"
#define PACKAGE_VERSION "0.01"
#define PACKAGE_STRING "dbmaster.pl 0.01"
#define PACKAGE_BUGREPORT ""
#define PACKAGE_URL ""
#define PACKAGE "dbmaster-pl"
#define VERSION "0.01"
#define APP_CONFDIR "/usr/local/etc/dbmaster"
#define app_confdir "/usr/local/etc/dbmaster"
#define APP_LOGDIR "/var/log/dbmaster"
#define app_logdir "/var/log/dbmaster"
#define APP_RUNDIR "/var/run/dbmaster"
#define app_rundir "/var/run/dbmaster"
#define APP_USER "www"
#define app_user "www"
#define APP_GROUP "www"
#define app_group "www"
#define APP_LIBDIR /usr/local/share/dbmaster
#define app_libdir /usr/local/share/dbmaster
#define APP_DATADIR "/var/dbmaster"
#define app_datadir "/var/dbmaster"

configure: exit 0
